{
  "RSpec": {
    "coverage": {
      "/Users/vadimserebrennikov/Desktop/nicher/app/models/user.rb": [
        1,
        1,
        1,
        1,
        null,
        1,
        null,
        1,
        null,
        1,
        1,
        null,
        null,
        1,
        null,
        null
      ],
      "/Users/vadimserebrennikov/Desktop/nicher/app/models/application_record.rb": [
        1,
        1,
        null
      ],
      "/Users/vadimserebrennikov/Desktop/nicher/app/helpers/items_helper.rb": [
        1,
        1,
        0,
        0,
        0,
        null,
        null
      ],
      "/Users/vadimserebrennikov/Desktop/nicher/app/controllers/categories_controller.rb": [
        1,
        1,
        null,
        1,
        null,
        1,
        3,
        null,
        null,
        1,
        null,
        1,
        3,
        null,
        null,
        1,
        null,
        1,
        5,
        null,
        5,
        2,
        null,
        3,
        null,
        null,
        null,
        1,
        6,
        3,
        null,
        3,
        null,
        null,
        null,
        1,
        2,
        2,
        null,
        null,
        1,
        null,
        1,
        14,
        null,
        null,
        1,
        11,
        null,
        null
      ],
      "/Users/vadimserebrennikov/Desktop/nicher/app/controllers/application_controller.rb": [
        1,
        1,
        null
      ],
      "/Users/vadimserebrennikov/Desktop/nicher/app/controllers/concerns/application_concern.rb": [
        1,
        1,
        null,
        1,
        3,
        null,
        null,
        1,
        28,
        null,
        null,
        1,
        25,
        null,
        null,
        1,
        null,
        1,
        53,
        null,
        null
      ],
      "/Users/vadimserebrennikov/Desktop/nicher/app/controllers/items_controller.rb": [
        1,
        1,
        null,
        1,
        1,
        null,
        1,
        0,
        null,
        0,
        null,
        null,
        1,
        null,
        1,
        3,
        null,
        null,
        1,
        null,
        1,
        0,
        0,
        0,
        0,
        null,
        null,
        1,
        0,
        0,
        0,
        0,
        0,
        0,
        null,
        0,
        0,
        null,
        null,
        null,
        1,
        0,
        0,
        0,
        0,
        0,
        null,
        null,
        1,
        4,
        4,
        2,
        null,
        2,
        null,
        null,
        null,
        1,
        0,
        0,
        null,
        0,
        null,
        null,
        null,
        1,
        0,
        0,
        null,
        null,
        1,
        null,
        1,
        0,
        null,
        null,
        1,
        0,
        null,
        null,
        1,
        0,
        null,
        null,
        1,
        0,
        null,
        null,
        1,
        0,
        null,
        null,
        1,
        4,
        null,
        null
      ],
      "/Users/vadimserebrennikov/Desktop/nicher/app/controllers/niches_controller.rb": [
        1,
        1,
        null,
        1,
        null,
        null,
        null,
        1,
        2,
        null,
        null,
        null,
        null,
        1,
        null,
        null,
        1,
        3,
        null,
        null,
        null,
        1,
        null,
        null,
        null,
        1,
        4,
        4,
        2,
        null,
        2,
        null,
        null,
        null,
        null,
        null,
        1,
        6,
        3,
        null,
        3,
        null,
        null,
        null,
        null,
        null,
        1,
        2,
        2,
        null,
        null,
        1,
        null,
        null,
        1,
        14,
        null,
        null,
        null,
        1,
        20,
        null,
        null,
        1,
        10,
        null,
        null,
        1,
        10,
        null,
        null
      ],
      "/Users/vadimserebrennikov/Desktop/nicher/app/controllers/users_controller.rb": [
        1,
        1,
        1,
        null,
        null,
        1,
        1,
        null,
        null,
        1,
        1,
        1,
        null,
        0,
        null,
        null,
        null,
        1,
        null,
        1,
        1,
        null,
        null,
        1,
        1,
        null,
        null
      ],
      "/Users/vadimserebrennikov/Desktop/nicher/app/models/category.rb": [
        1,
        1,
        null,
        1,
        null,
        1,
        null,
        1,
        null,
        1,
        1,
        null
      ],
      "/Users/vadimserebrennikov/Desktop/nicher/app/models/contact.rb": [
        1,
        1,
        1,
        1,
        null
      ],
      "/Users/vadimserebrennikov/Desktop/nicher/app/models/item.rb": [
        1,
        1,
        null,
        1,
        1,
        null,
        1,
        null,
        1,
        null,
        1,
        null
      ],
      "/Users/vadimserebrennikov/Desktop/nicher/app/models/niche.rb": [
        1,
        1,
        null,
        1,
        null,
        1,
        null,
        1,
        null,
        1,
        null,
        1,
        2,
        2,
        null,
        null,
        1,
        1,
        1,
        1,
        1,
        1,
        null,
        null
      ],
      "/Users/vadimserebrennikov/Desktop/nicher/app/models/rent_item.rb": [
        1,
        1,
        1,
        1,
        1,
        1,
        1,
        null,
        1,
        0,
        0,
        null,
        null,
        1,
        0,
        null,
        null
      ],
      "/Users/vadimserebrennikov/Desktop/nicher/app/models/user_profile.rb": [
        1,
        1,
        1,
        null
      ],
      "/Users/vadimserebrennikov/Desktop/nicher/app/mailers/application_mailer.rb": [
        0,
        0,
        0,
        0
      ],
      "/Users/vadimserebrennikov/Desktop/nicher/app/controllers/users/sessions_controller.rb": [
        0,
        0,
        0,
        0,
        0,
        0,
        0,
        0,
        0,
        0,
        0
      ],
      "/Users/vadimserebrennikov/Desktop/nicher/app/controllers/users/registrations_controller.rb": [
        0,
        0,
        0,
        0,
        null,
        0,
        null,
        0,
        0,
        0,
        null,
        0,
        0,
        0,
        0,
        0
      ]
    },
    "timestamp": 1534405643
  }
}
